0 info it worked if it ends with ok
1 verbose cli [ '/Users/matthewcarter/.nvm/versions/node/v6.0.0/bin/node',
1 verbose cli   '/Users/matthewcarter/.nvm/versions/node/v6.0.0/bin/npm',
1 verbose cli   'run',
1 verbose cli   'eject' ]
2 info using npm@3.8.6
3 info using node@v6.0.0
4 verbose run-script [ 'preeject', 'eject', 'posteject' ]
5 info lifecycle birder_app@1.0.0~preeject: birder_app@1.0.0
6 silly lifecycle birder_app@1.0.0~preeject: no script for preeject, continuing
7 info lifecycle birder_app@1.0.0~eject: birder_app@1.0.0
8 verbose lifecycle birder_app@1.0.0~eject: unsafe-perm in lifecycle true
9 verbose lifecycle birder_app@1.0.0~eject: PATH: /Users/matthewcarter/.nvm/versions/node/v6.0.0/lib/node_modules/npm/bin/node-gyp-bin:/Users/matthewcarter/dev/birds/node_modules/.bin:/Users/matthewcarter/.nvm/versions/node/v6.0.0/bin:/Users/matthewcarter/.nvm/versions/node/v6.0.0/bin:/Users/matthewcarter/.rvm/gems/ruby-2.2.1/bin:/Users/matthewcarter/.rvm/gems/ruby-2.2.1@global/bin:/Users/matthewcarter/.rvm/rubies/ruby-2.2.1/bin:/Users/matthewcarter/.rbenv/shims:/usr/local/bin:/usr/bin:/bin:/usr/sbin:/sbin:/Users/matthewcarter/.rvm/bin
10 verbose lifecycle birder_app@1.0.0~eject: CWD: /Users/matthewcarter/dev/birds
11 silly lifecycle birder_app@1.0.0~eject: Args: [ '-c', 'react-scripts eject' ]
12 silly lifecycle birder_app@1.0.0~eject: Returned: code: 1  signal: null
13 info lifecycle birder_app@1.0.0~eject: Failed to exec eject script
14 verbose stack Error: birder_app@1.0.0 eject: `react-scripts eject`
14 verbose stack Exit status 1
14 verbose stack     at EventEmitter.<anonymous> (/Users/matthewcarter/.nvm/versions/node/v6.0.0/lib/node_modules/npm/lib/utils/lifecycle.js:239:16)
14 verbose stack     at emitTwo (events.js:106:13)
14 verbose stack     at EventEmitter.emit (events.js:191:7)
14 verbose stack     at ChildProcess.<anonymous> (/Users/matthewcarter/.nvm/versions/node/v6.0.0/lib/node_modules/npm/lib/utils/spawn.js:24:14)
14 verbose stack     at emitTwo (events.js:106:13)
14 verbose stack     at ChildProcess.emit (events.js:191:7)
14 verbose stack     at maybeClose (internal/child_process.js:850:16)
14 verbose stack     at Process.ChildProcess._handle.onexit (internal/child_process.js:215:5)
15 verbose pkgid birder_app@1.0.0
16 verbose cwd /Users/matthewcarter/dev/birds
17 error Darwin 16.7.0
18 error argv "/Users/matthewcarter/.nvm/versions/node/v6.0.0/bin/node" "/Users/matthewcarter/.nvm/versions/node/v6.0.0/bin/npm" "run" "eject"
19 error node v6.0.0
20 error npm  v3.8.6
21 error code ELIFECYCLE
22 error birder_app@1.0.0 eject: `react-scripts eject`
22 error Exit status 1
23 error Failed at the birder_app@1.0.0 eject script 'react-scripts eject'.
23 error Make sure you have the latest version of node.js and npm installed.
23 error If you do, this is most likely a problem with the birder_app package,
23 error not with npm itself.
23 error Tell the author that this fails on your system:
23 error     react-scripts eject
23 error You can get information on how to open an issue for this project with:
23 error     npm bugs birder_app
23 error Or if that isn't available, you can get their info via:
23 error     npm owner ls birder_app
23 error There is likely additional logging output above.
24 verbose exit [ 1, true ]
